<?xml version="1.0" encoding="UTF-8"?>
<!-- Generated by org.testng.reporters.JUnitReportReporter -->
<testsuite hostname="DESKTOP-97946S3" failures="0" tests="3" name="testdomain.TestDomainTest" time="0.024" errors="0" timestamp="2024-07-24T16:24:21 IST" skipped="0">
  <testcase classname="testdomain.TestDomainTest" name="testMethod2" time="0.003"/>
  <system-out/>
  <testcase classname="testdomain.TestDomainTest" name="testMethod3" time="0.002"/>
  <system-out/>
  <testcase classname="testdomain.TestDomainTest" name="testMethod1" time="0.019"/>
  <system-out/>
</testsuite> <!-- testdomain.TestDomainTest -->
