<?xml version="1.0" encoding="UTF-8"?>
<!-- Generated by org.testng.reporters.JUnitReportReporter -->
<testsuite hostname="DESKTOP-97946S3" failures="0" tests="2" name="testdomain.TestDomainTest" time="0.017" errors="0" timestamp="2024-07-24T18:05:25 IST" skipped="0">
  <testcase classname="testdomain.TestDomainTest" name="testMethod1" time="0.017"/>
  <system-out/>
  <testcase classname="testdomain.TestDomainTest" name="testMethod3" time="0.000"/>
  <system-out/>
</testsuite> <!-- testdomain.TestDomainTest -->
