<?xml version="1.0" encoding="UTF-8"?>
<!-- Generated by org.testng.reporters.JUnitReportReporter -->
<testsuite hostname="DESKTOP-97946S3" failures="0" tests="1" name="testdomain.HomePageTest" time="7.527" errors="0" timestamp="2024-07-26T12:14:53 IST" skipped="0">
  <testcase classname="testdomain.HomePageTest" name="HomePage" time="7.527"/>
  <system-out/>
</testsuite> <!-- testdomain.HomePageTest -->
