<?xml version="1.0" encoding="UTF-8"?>
<!-- Generated by org.testng.reporters.JUnitReportReporter -->
<testsuite hostname="DESKTOP-97946S3" failures="0" tests="2" name="testdomain.TestDomainTest2" time="0.003" errors="0" timestamp="2024-07-24T18:05:25 IST" skipped="0">
  <testcase classname="testdomain.TestDomainTest2" name="testMethod1" time="0.002"/>
  <system-out/>
  <testcase classname="testdomain.TestDomainTest2" name="testMethod3" time="0.001"/>
  <system-out/>
</testsuite> <!-- testdomain.TestDomainTest2 -->
