<?xml version="1.0" encoding="UTF-8"?>
<!-- Generated by org.testng.reporters.JUnitReportReporter -->
<testsuite hostname="DESKTOP-97946S3" failures="0" tests="1" name="testdomain.LoginTest" time="0.005" errors="0" timestamp="2024-07-24T21:48:43 IST" skipped="0">
  <testcase classname="testdomain.LoginTest" name="Login" time="0.005"/>
  <system-out/>
</testsuite> <!-- testdomain.LoginTest -->
