<?xml version="1.0" encoding="UTF-8"?>
<!-- Generated by org.testng.reporters.JUnitReportReporter -->
<testsuite hostname="DESKTOP-97946S3" failures="0" tests="1" name="testdomain.LoginTest" time="5.751" errors="0" timestamp="2024-07-25T13:08:26 IST" skipped="0">
  <testcase classname="testdomain.LoginTest" name="Login" time="5.751"/>
  <system-out/>
</testsuite> <!-- testdomain.LoginTest -->
