<?xml version="1.0" encoding="UTF-8"?>
<!-- Generated by org.testng.reporters.JUnitReportReporter -->
<testsuite hostname="DESKTOP-97946S3" failures="0" tests="1" name="testdomain.HomePageTest" time="5.918" errors="0" timestamp="2024-07-25T17:02:22 IST" skipped="0">
  <testcase classname="testdomain.HomePageTest" name="HomePage" time="5.918"/>
  <system-out/>
</testsuite> <!-- testdomain.HomePageTest -->
