<?xml version="1.0" encoding="UTF-8"?>
<!-- Generated by org.testng.reporters.JUnitReportReporter -->
<testsuite hostname="DESKTOP-97946S3" failures="0" tests="1" name="testdomain.HomePageTest" time="7.492" errors="0" timestamp="2024-07-25T13:08:26 IST" skipped="0">
  <testcase classname="testdomain.HomePageTest" name="HomePage" time="7.492"/>
  <system-out/>
</testsuite> <!-- testdomain.HomePageTest -->
