<?xml version="1.0" encoding="UTF-8"?>
<!-- Generated by org.testng.reporters.JUnitReportReporter -->
<testsuite hostname="DESKTOP-97946S3" failures="0" tests="2" name="devdomain.DevDomainTest2" time="0.001" errors="0" timestamp="2024-07-24T12:34:38 IST" skipped="0">
  <testcase classname="devdomain.DevDomainTest2" name="testMethod1" time="0.000"/>
  <system-out/>
  <testcase classname="devdomain.DevDomainTest2" name="testMethod3" time="0.001"/>
  <system-out/>
</testsuite> <!-- devdomain.DevDomainTest2 -->
