<?xml version="1.0" encoding="UTF-8"?>
<!-- Generated by org.testng.reporters.JUnitReportReporter -->
<testsuite hostname="DESKTOP-97946S3" failures="0" tests="2" name="devdomain.DevDomainTest" time="0.008" errors="0" timestamp="2024-07-24T17:46:13 IST" skipped="0">
  <testcase classname="devdomain.DevDomainTest" name="testMethod3" time="0.001"/>
  <system-out/>
  <testcase classname="devdomain.DevDomainTest" name="testMethod1" time="0.007"/>
  <system-out/>
</testsuite> <!-- devdomain.DevDomainTest -->
