<?xml version="1.0" encoding="UTF-8"?>
<!-- Generated by org.testng.reporters.JUnitReportReporter -->
<testsuite hostname="DESKTOP-97946S3" failures="0" tests="1" name="devdomain.ErpHomePageTest" time="126.252" errors="0" timestamp="2024-07-25T13:10:47 IST" skipped="0">
  <testcase classname="devdomain.ErpHomePageTest" name="erpHomePage" time="126.252"/>
  <system-out/>
</testsuite> <!-- devdomain.ErpHomePageTest -->
