<?xml version="1.0" encoding="UTF-8"?>
<!-- Generated by org.testng.reporters.JUnitReportReporter -->
<testsuite hostname="DESKTOP-97946S3" failures="0" tests="3" name="devdomain.DevDomainTest" time="0.021" errors="0" timestamp="2024-07-24T16:24:25 IST" skipped="0">
  <testcase classname="devdomain.DevDomainTest" name="testMethod2" time="0.002"/>
  <system-out/>
  <testcase classname="devdomain.DevDomainTest" name="testMethod3" time="0.003"/>
  <system-out/>
  <testcase classname="devdomain.DevDomainTest" name="testMethod1" time="0.016"/>
  <system-out/>
</testsuite> <!-- devdomain.DevDomainTest -->
